This file contains any messages produced by compilers while
running configure, to aid debugging if configure makes a mistake.

It was created by configure, which was
generated by GNU Autoconf 2.69.  Invocation command line was

  $ ./configure --prefix=/usr/local/geos

## --------- ##
## Platform. ##
## --------- ##

hostname = airbears2-10-142-39-50.airbears2.1918.berkeley.edu
uname -m = x86_64
uname -r = 18.0.0
uname -s = Darwin
uname -v = Darwin Kernel Version 18.0.0: Wed Aug 22 20:13:40 PDT 2018; root:xnu-4903.201.2~1/RELEASE_X86_64

/usr/bin/uname -p = i386
/bin/uname -X     = unknown

/bin/arch              = unknown
/usr/bin/arch -k       = unknown
/usr/convex/getsysinfo = unknown
/usr/bin/hostinfo      = Mach kernel version:
	 Darwin Kernel Version 18.0.0: Wed Aug 22 20:13:40 PDT 2018; root:xnu-4903.201.2~1/RELEASE_X86_64
Kernel configured for up to 4 processors.
2 processors are physically available.
4 processors are logically available.
Processor type: x86_64h (Intel x86-64h Haswell)
Processors active: 0 1 2 3
Primary memory available: 16.00 gigabytes
Default processor set: 433 tasks, 2027 threads, 4 processors
Load average: 1.91, Mach factor: 2.28
/bin/machine           = unknown
/usr/bin/oslevel       = unknown
/bin/universe          = unknown

PATH: /anaconda3/envs/data-x/bin
PATH: /anaconda3/bin
PATH: /Users/janxu/Library/Enthought/Canopy_64bit/User/bin
PATH: /Library/Frameworks/Python.framework/Versions/3.5/bin
PATH: /usr/local/bin
PATH: /usr/bin
PATH: /bin
PATH: /usr/sbin
PATH: /sbin
PATH: /Library/TeX/texbin
PATH: /opt/X11/bin


## ----------- ##
## Core tests. ##
## ----------- ##

configure:2517: checking build system type
configure:2531: result: x86_64-apple-darwin18.0.0
configure:2551: checking host system type
configure:2564: result: x86_64-apple-darwin18.0.0
configure:2584: checking target system type
configure:2597: result: x86_64-apple-darwin18.0.0
configure:2660: checking for a BSD-compatible install
configure:2728: result: /usr/local/bin/ginstall -c
configure:2739: checking whether build environment is sane
configure:2794: result: yes
configure:2945: checking for a thread-safe mkdir -p
configure:2984: result: /usr/local/bin/gmkdir -p
configure:2991: checking for gawk
configure:3021: result: no
configure:2991: checking for mawk
configure:3021: result: no
configure:2991: checking for nawk
configure:3021: result: no
configure:2991: checking for awk
configure:3007: found /usr/bin/awk
configure:3018: result: awk
configure:3029: checking whether make sets $(MAKE)
configure:3055: result: no
configure:3080: checking whether make supports nested variables
configure:3097: result: no
configure:3216: checking whether to enable maintainer-specific portions of Makefiles
configure:3225: result: no
configure:3288: checking for gcc
configure:3304: found /usr/bin/gcc
configure:3315: result: gcc
configure:3544: checking for C compiler version
configure:3553: gcc --version >&5
xcrun: error: invalid active developer path (/Library/Developer/CommandLineTools), missing xcrun at: /Library/Developer/CommandLineTools/usr/bin/xcrun
configure:3564: $? = 1
configure:3553: gcc -v >&5
xcrun: error: invalid active developer path (/Library/Developer/CommandLineTools), missing xcrun at: /Library/Developer/CommandLineTools/usr/bin/xcrun
configure:3564: $? = 1
configure:3553: gcc -V >&5
xcrun: error: invalid active developer path (/Library/Developer/CommandLineTools), missing xcrun at: /Library/Developer/CommandLineTools/usr/bin/xcrun
configure:3564: $? = 1
configure:3553: gcc -qversion >&5
xcrun: error: invalid active developer path (/Library/Developer/CommandLineTools), missing xcrun at: /Library/Developer/CommandLineTools/usr/bin/xcrun
configure:3564: $? = 1
configure:3584: checking whether the C compiler works
configure:3606: gcc    conftest.c  >&5
xcrun: error: invalid active developer path (/Library/Developer/CommandLineTools), missing xcrun at: /Library/Developer/CommandLineTools/usr/bin/xcrun
configure:3610: $? = 1
configure:3648: result: no
configure: failed program was:
| /* confdefs.h */
| #define PACKAGE_NAME ""
| #define PACKAGE_TARNAME ""
| #define PACKAGE_VERSION ""
| #define PACKAGE_STRING ""
| #define PACKAGE_BUGREPORT ""
| #define PACKAGE_URL ""
| /* end confdefs.h.  */
| 
| int
| main ()
| {
| 
|   ;
|   return 0;
| }
configure:3653: error: in `/Users/janxu/Desktop/UC Berkeley/Fall Term Courses/IEOR 135 Applied Data Science with Venture Applications/Project Ocean/Datasets/geos-3.7.0':
configure:3655: error: C compiler cannot create executables
See `config.log' for more details

## ---------------- ##
## Cache variables. ##
## ---------------- ##

ac_cv_build=x86_64-apple-darwin18.0.0
ac_cv_env_CCC_set=
ac_cv_env_CCC_value=
ac_cv_env_CC_set=
ac_cv_env_CC_value=
ac_cv_env_CFLAGS_set=
ac_cv_env_CFLAGS_value=
ac_cv_env_CPPFLAGS_set=
ac_cv_env_CPPFLAGS_value=
ac_cv_env_CPP_set=
ac_cv_env_CPP_value=
ac_cv_env_CXXCPP_set=
ac_cv_env_CXXCPP_value=
ac_cv_env_CXXFLAGS_set=
ac_cv_env_CXXFLAGS_value=
ac_cv_env_CXX_set=
ac_cv_env_CXX_value=
ac_cv_env_LDFLAGS_set=
ac_cv_env_LDFLAGS_value=
ac_cv_env_LIBS_set=
ac_cv_env_LIBS_value=
ac_cv_env_LT_SYS_LIBRARY_PATH_set=
ac_cv_env_LT_SYS_LIBRARY_PATH_value=
ac_cv_env_PYTHON_set=
ac_cv_env_PYTHON_value=
ac_cv_env_build_alias_set=
ac_cv_env_build_alias_value=
ac_cv_env_host_alias_set=
ac_cv_env_host_alias_value=
ac_cv_env_target_alias_set=
ac_cv_env_target_alias_value=
ac_cv_host=x86_64-apple-darwin18.0.0
ac_cv_path_install='/usr/local/bin/ginstall -c'
ac_cv_path_mkdir=/usr/local/bin/gmkdir
ac_cv_prog_AWK=awk
ac_cv_prog_ac_ct_CC=gcc
ac_cv_prog_make_make_set=no
ac_cv_target=x86_64-apple-darwin18.0.0
am_cv_make_support_nested_variables=no

## ----------------- ##
## Output variables. ##
## ----------------- ##

ACLOCAL='${SHELL} "/Users/janxu/Desktop/UC Berkeley/Fall Term Courses/IEOR 135 Applied Data Science with Venture Applications/Project Ocean/Datasets/geos-3.7.0/missing" aclocal-1.16'
ALLOCA=''
AMDEPBACKSLASH=''
AMDEP_FALSE=''
AMDEP_TRUE=''
AMTAR='$${TAR-tar}'
AM_BACKSLASH='\'
AM_CFLAGS=''
AM_CXXFLAGS=''
AM_DEFAULT_V='1'
AM_DEFAULT_VERBOSITY='1'
AM_V='1'
AR=''
AS=''
AUTOCONF='${SHELL} "/Users/janxu/Desktop/UC Berkeley/Fall Term Courses/IEOR 135 Applied Data Science with Venture Applications/Project Ocean/Datasets/geos-3.7.0/missing" autoconf'
AUTOHEADER='${SHELL} "/Users/janxu/Desktop/UC Berkeley/Fall Term Courses/IEOR 135 Applied Data Science with Venture Applications/Project Ocean/Datasets/geos-3.7.0/missing" autoheader'
AUTOMAKE='${SHELL} "/Users/janxu/Desktop/UC Berkeley/Fall Term Courses/IEOR 135 Applied Data Science with Venture Applications/Project Ocean/Datasets/geos-3.7.0/missing" automake-1.16'
AWK='awk'
CAPI_INTERFACE_AGE='11'
CAPI_INTERFACE_CURRENT='12'
CAPI_INTERFACE_REVISION='0'
CAPI_VERSION='1.11.0'
CAPI_VERSION_MAJOR='1'
CAPI_VERSION_MINOR='11'
CAPI_VERSION_PATCH='0'
CC='gcc'
CCDEPMODE=''
CFLAGS=''
CPP=''
CPPFLAGS=''
CXX=''
CXXCPP=''
CXXDEPMODE=''
CXXFLAGS=''
CYGPATH_W='echo'
DEFS=''
DEPDIR=''
DLLTOOL=''
DSYMUTIL=''
DUMPBIN=''
ECHO_C='\c'
ECHO_N=''
ECHO_T=''
EGREP=''
ENABLE_PYTHON_FALSE=''
ENABLE_PYTHON_TRUE=''
ENABLE_RUBY_FALSE=''
ENABLE_RUBY_TRUE=''
ENABLE_SWIG_FALSE=''
ENABLE_SWIG_TRUE=''
EXEEXT=''
FGREP=''
GREP=''
HAVE_CXX11=''
INLINE_FLAGS=''
INSTALL_DATA='${INSTALL} -m 644'
INSTALL_PROGRAM='${INSTALL}'
INSTALL_SCRIPT='${INSTALL}'
INSTALL_STRIP_PROGRAM='$(install_sh) -c -s'
INTERFACE_AGE=''
INTERFACE_CURRENT=''
INTERFACE_REVISION=''
JTS_PORT='1.13.0'
LD=''
LDFLAGS=''
LIBOBJS=''
LIBS=''
LIBTOOL=''
LIPO=''
LN_S=''
LTLIBOBJS=''
LT_SYS_LIBRARY_PATH=''
MAINT='#'
MAINTAINER_MODE_FALSE=''
MAINTAINER_MODE_TRUE='#'
MAKEINFO='${SHELL} "/Users/janxu/Desktop/UC Berkeley/Fall Term Courses/IEOR 135 Applied Data Science with Venture Applications/Project Ocean/Datasets/geos-3.7.0/missing" makeinfo'
MANIFEST_TOOL=''
MKDIR_P='/usr/local/bin/gmkdir -p'
NM=''
NMEDIT=''
OBJDUMP=''
OBJEXT=''
OTOOL64=''
OTOOL=''
PACKAGE='geos'
PACKAGE_BUGREPORT=''
PACKAGE_NAME=''
PACKAGE_STRING=''
PACKAGE_TARNAME=''
PACKAGE_URL=''
PACKAGE_VERSION=''
PATH_SEPARATOR=':'
PYTHON=''
PYTHON_CPPFLAGS=''
PYTHON_EXEC_PREFIX=''
PYTHON_EXTRA_LIBS=''
PYTHON_LDFLAGS=''
PYTHON_PLATFORM=''
PYTHON_PREFIX=''
PYTHON_SITE_PKG=''
PYTHON_VERSION=''
RANLIB=''
RUBY=''
RUBY_ARCH_INCLUDE_DIR=''
RUBY_ARCH_LIB_DIR=''
RUBY_BIN_DIR=''
RUBY_EXTENSION_DIR=''
RUBY_INCLUDE_DIR=''
RUBY_LIB_DIR=''
RUBY_SHARED_LIB=''
RUBY_SITE_ARCH=''
RUBY_SO_NAME=''
RUBY_VERSION=''
SED=''
SET_MAKE='MAKE=make'
SHELL='/bin/sh'
STRIP=''
SWIG=''
SWIG_LIB=''
SWIG_PYTHON_CPPFLAGS=''
SWIG_PYTHON_OPT=''
VERSION='3.7.0'
VERSION_MAJOR='3'
VERSION_MINOR='7'
VERSION_PATCH='0'
VERSION_RELEASE='3.7.0'
ac_ct_AR=''
ac_ct_CC='gcc'
ac_ct_CXX=''
ac_ct_DUMPBIN=''
am__EXEEXT_FALSE=''
am__EXEEXT_TRUE=''
am__fastdepCC_FALSE=''
am__fastdepCC_TRUE=''
am__fastdepCXX_FALSE=''
am__fastdepCXX_TRUE=''
am__include=''
am__isrc=''
am__leading_dot='.'
am__nodep=''
am__quote=''
am__tar='$${TAR-tar} chof - "$$tardir"'
am__untar='$${TAR-tar} xf -'
bindir='${exec_prefix}/bin'
build='x86_64-apple-darwin18.0.0'
build_alias=''
build_cpu='x86_64'
build_os='darwin18.0.0'
build_vendor='apple'
datadir='${datarootdir}'
datarootdir='${prefix}/share'
docdir='${datarootdir}/doc/${PACKAGE}'
dvidir='${docdir}'
exec_prefix='NONE'
host='x86_64-apple-darwin18.0.0'
host_alias=''
host_cpu='x86_64'
host_os='darwin18.0.0'
host_vendor='apple'
htmldir='${docdir}'
includedir='${prefix}/include'
infodir='${datarootdir}/info'
install_sh='${SHELL} '\''/Users/janxu/Desktop/UC Berkeley/Fall Term Courses/IEOR 135 Applied Data Science with Venture Applications/Project Ocean/Datasets/geos-3.7.0/install-sh'\'''
libdir='${exec_prefix}/lib'
libexecdir='${exec_prefix}/libexec'
localedir='${datarootdir}/locale'
localstatedir='${prefix}/var'
mandir='${datarootdir}/man'
mkdir_p='$(MKDIR_P)'
oldincludedir='/usr/include'
pdfdir='${docdir}'
pkgpyexecdir=''
pkgpythondir=''
prefix='/usr/local/geos'
program_transform_name='s,x,x,'
psdir='${docdir}'
pyexecdir=''
pythondir=''
runstatedir='${localstatedir}/run'
sbindir='${exec_prefix}/sbin'
sharedstatedir='${prefix}/com'
sysconfdir='${prefix}/etc'
target='x86_64-apple-darwin18.0.0'
target_alias=''
target_cpu='x86_64'
target_os='darwin18.0.0'
target_vendor='apple'

## ----------- ##
## confdefs.h. ##
## ----------- ##

/* confdefs.h */
#define PACKAGE_NAME ""
#define PACKAGE_TARNAME ""
#define PACKAGE_VERSION ""
#define PACKAGE_STRING ""
#define PACKAGE_BUGREPORT ""
#define PACKAGE_URL ""

configure: exit 77
